<?xml version="1.0" encoding="UTF-8"?>
<!-- Generated by org.testng.reporters.JUnitReportReporter -->
<testsuite hostname="LAPTOP-5N6LF9NC" failures="0" tests="1" name="com.sauace.test.HomePageTest" time="1.231" errors="0" timestamp="2024-12-30T12:51:14 IST" skipped="0">
  <testcase classname="com.sauace.test.HomePageTest" name="logout" time="1.231"/>
</testsuite> <!-- com.sauace.test.HomePageTest -->
